warning: attempting to set builtin-baseline in vcpkg.json while overriding the default-registry in vcpkg-configuration.json.
the default-registry from vcpkg-configuration.json will be used.
Detecting compiler hash for triplet x64-windows...
-- Automatically setting %HTTP(S)_PROXY% environment variables to "127.0.0.1:7897".
Compiler found: D:/VS/Visual Studio 2022/VC/Tools/MSVC/14.44.35207/bin/Hostx64/x64/cl.exe
The following packages are already installed:
    asio:x64-windows@1.32.0
    nlohmann-json:x64-windows@3.12.0#2
    sdl2:x64-windows@2.32.10
  * vcpkg-cmake:x64-windows@2024-04-23
  * vcpkg-cmake-config:x64-windows@2024-05-23
    websocketpp:x64-windows@0.8.2
asio provides CMake targets:

  # this is heuristically generated, and may not be correct
  find_package(asio CONFIG REQUIRED)
  target_link_libraries(main PRIVATE asio::asio)

asio provides pkg-config modules:

  # A cross-platform C++ library for network and low-level I/O programming that provides developers with a consistent asynchronous model using a modern C++ approach.
  asio

The package nlohmann-json provides CMake targets:

    find_package(nlohmann_json CONFIG REQUIRED)
    target_link_libraries(main PRIVATE nlohmann_json::nlohmann_json)

The package nlohmann-json can be configured to not provide implicit conversions via a custom triplet file:

    set(nlohmann-json_IMPLICIT_CONVERSIONS OFF)

For more information, see the docs here:
    
    https://json.nlohmann.me/api/macros/json_use_implicit_conversions/

sdl2 provides CMake targets:

    find_package(SDL2 CONFIG REQUIRED)
    target_link_libraries(main
        PRIVATE
        $<TARGET_NAME_IF_EXISTS:SDL2::SDL2main>
        $<IF:$<TARGET_EXISTS:SDL2::SDL2>,SDL2::SDL2,SDL2::SDL2-static>
    )

websocketpp is header-only and can be used from CMake via:

  find_path(WEBSOCKETPP_INCLUDE_DIRS "websocketpp/CMakeLists.txt")
  target_include_directories(main PRIVATE ${WEBSOCKETPP_INCLUDE_DIRS})

All requested installations completed successfully in: 2.71 ms
